2025-05-14 00:00:32 [http-nio-8080-exec-3] INFO  c.e.user_service.aop.LoggingAspect - Method HrService::getAllHr executed successfully in 5 ms
2025-05-14 00:00:32 [http-nio-8080-exec-3] INFO  c.e.user_service.aop.LoggingAspect - Method HrController::getAllHr executed successfully in 12 ms
2025-05-14 00:00:32 [http-nio-8080-exec-9] INFO  c.e.user_service.aop.LoggingAspect - Method HrService::getAllHr executed successfully in 7 ms
2025-05-14 00:00:32 [http-nio-8080-exec-9] INFO  c.e.user_service.aop.LoggingAspect - Method HrController::getAllHr executed successfully in 9 ms
2025-05-14 00:00:36 [http-nio-8080-exec-6] INFO  c.e.user_service.aop.LoggingAspect - Method HrService::getHrById executed successfully in 1 ms
2025-05-14 00:00:36 [http-nio-8080-exec-6] INFO  c.e.user_service.aop.LoggingAspect - Method HrController::getPublicInfoHr executed successfully in 3 ms
2025-05-14 00:00:36 [http-nio-8080-exec-2] INFO  c.e.user_service.aop.LoggingAspect - Method HrService::getHrById executed successfully in 2 ms
2025-05-14 00:00:36 [http-nio-8080-exec-2] INFO  c.e.user_service.aop.LoggingAspect - Method HrController::getPublicInfoHr executed successfully in 2 ms
2025-05-14 00:00:36 [http-nio-8080-exec-8] INFO  c.e.user_service.aop.LoggingAspect - Method HrService::getHrById executed successfully in 2 ms
2025-05-14 00:00:36 [http-nio-8080-exec-8] INFO  c.e.user_service.aop.LoggingAspect - Method HrController::getPublicInfoHr executed successfully in 2 ms
2025-05-14 00:00:36 [http-nio-8080-exec-4] INFO  c.e.user_service.aop.LoggingAspect - Method HrService::getHrById executed successfully in 3 ms
2025-05-14 00:00:36 [http-nio-8080-exec-4] INFO  c.e.user_service.aop.LoggingAspect - Method HrController::getPublicInfoHr executed successfully in 3 ms
2025-05-14 00:00:36 [http-nio-8080-exec-7] INFO  c.e.user_service.aop.LoggingAspect - Method HrService::getHrById executed successfully in 3 ms
2025-05-14 00:00:36 [http-nio-8080-exec-7] INFO  c.e.user_service.aop.LoggingAspect - Method HrController::getPublicInfoHr executed successfully in 3 ms
2025-05-14 00:00:36 [http-nio-8080-exec-1] INFO  c.e.user_service.aop.LoggingAspect - Method HrService::getHrById executed successfully in 2 ms
2025-05-14 00:00:36 [http-nio-8080-exec-1] INFO  c.e.user_service.aop.LoggingAspect - Method HrController::getPublicInfoHr executed successfully in 2 ms
2025-05-14 00:00:36 [http-nio-8080-exec-10] INFO  c.e.user_service.aop.LoggingAspect - Method HrService::getHrById executed successfully in 2 ms
2025-05-14 00:00:36 [http-nio-8080-exec-10] INFO  c.e.user_service.aop.LoggingAspect - Method HrController::getPublicInfoHr executed successfully in 2 ms
2025-05-14 00:00:36 [http-nio-8080-exec-5] INFO  c.e.user_service.aop.LoggingAspect - Method HrService::getHrById executed successfully in 2 ms
2025-05-14 00:00:36 [http-nio-8080-exec-5] INFO  c.e.user_service.aop.LoggingAspect - Method HrController::getPublicInfoHr executed successfully in 2 ms
2025-05-14 00:00:36 [http-nio-8080-exec-3] INFO  c.e.user_service.aop.LoggingAspect - Method HrService::getHrById executed successfully in 1 ms
2025-05-14 00:00:36 [http-nio-8080-exec-3] INFO  c.e.user_service.aop.LoggingAspect - Method HrController::getPublicInfoHr executed successfully in 2 ms
2025-05-14 00:00:36 [http-nio-8080-exec-9] INFO  c.e.user_service.aop.LoggingAspect - Method HrService::getHrById executed successfully in 2 ms
2025-05-14 00:00:36 [http-nio-8080-exec-9] INFO  c.e.user_service.aop.LoggingAspect - Method HrController::getPublicInfoHr executed successfully in 2 ms
2025-05-14 00:00:36 [http-nio-8080-exec-6] INFO  c.e.user_service.aop.LoggingAspect - Method HrService::getHrById executed successfully in 2 ms
2025-05-14 00:00:36 [http-nio-8080-exec-6] INFO  c.e.user_service.aop.LoggingAspect - Method HrController::getPublicInfoHr executed successfully in 2 ms
2025-05-14 00:00:36 [http-nio-8080-exec-2] INFO  c.e.user_service.aop.LoggingAspect - Method HrService::getHrById executed successfully in 3 ms
2025-05-14 00:00:36 [http-nio-8080-exec-2] INFO  c.e.user_service.aop.LoggingAspect - Method HrController::getPublicInfoHr executed successfully in 3 ms
2025-05-14 00:00:36 [http-nio-8080-exec-8] INFO  c.e.user_service.aop.LoggingAspect - Method HrService::getHrById executed successfully in 6 ms
2025-05-14 00:00:36 [http-nio-8080-exec-8] INFO  c.e.user_service.aop.LoggingAspect - Method HrController::getPublicInfoHr executed successfully in 7 ms
2025-05-14 00:00:36 [http-nio-8080-exec-4] INFO  c.e.user_service.aop.LoggingAspect - Method HrService::getHrById executed successfully in 3 ms
2025-05-14 00:00:36 [http-nio-8080-exec-4] INFO  c.e.user_service.aop.LoggingAspect - Method HrController::getPublicInfoHr executed successfully in 3 ms
2025-05-14 00:00:36 [http-nio-8080-exec-7] INFO  c.e.user_service.aop.LoggingAspect - Method HrService::getHrById executed successfully in 2 ms
2025-05-14 00:00:36 [http-nio-8080-exec-7] INFO  c.e.user_service.aop.LoggingAspect - Method HrController::getPublicInfoHr executed successfully in 2 ms
2025-05-14 00:00:36 [http-nio-8080-exec-1] INFO  c.e.user_service.aop.LoggingAspect - Method HrService::getHrById executed successfully in 3 ms
2025-05-14 00:00:36 [http-nio-8080-exec-1] INFO  c.e.user_service.aop.LoggingAspect - Method HrController::getPublicInfoHr executed successfully in 3 ms
2025-05-14 00:00:36 [http-nio-8080-exec-10] INFO  c.e.user_service.aop.LoggingAspect - Method HrService::getHrById executed successfully in 4 ms
2025-05-14 00:00:36 [http-nio-8080-exec-10] INFO  c.e.user_service.aop.LoggingAspect - Method HrController::getPublicInfoHr executed successfully in 4 ms
2025-05-14 00:00:36 [http-nio-8080-exec-5] INFO  c.e.user_service.aop.LoggingAspect - Method HrService::getHrById executed successfully in 4 ms
2025-05-14 00:00:36 [http-nio-8080-exec-5] INFO  c.e.user_service.aop.LoggingAspect - Method HrController::getPublicInfoHr executed successfully in 4 ms
2025-05-14 00:00:36 [http-nio-8080-exec-3] INFO  c.e.user_service.aop.LoggingAspect - Method HrService::getHrById executed successfully in 2 ms
2025-05-14 00:00:36 [http-nio-8080-exec-3] INFO  c.e.user_service.aop.LoggingAspect - Method HrController::getPublicInfoHr executed successfully in 2 ms
2025-05-14 00:00:36 [http-nio-8080-exec-9] INFO  c.e.user_service.aop.LoggingAspect - Method HrService::getHrById executed successfully in 2 ms
2025-05-14 00:00:36 [http-nio-8080-exec-9] INFO  c.e.user_service.aop.LoggingAspect - Method HrController::getPublicInfoHr executed successfully in 3 ms
2025-05-14 00:00:36 [http-nio-8080-exec-6] INFO  c.e.user_service.aop.LoggingAspect - Method HrService::getHrById executed successfully in 3 ms
2025-05-14 00:00:36 [http-nio-8080-exec-6] INFO  c.e.user_service.aop.LoggingAspect - Method HrController::getPublicInfoHr executed successfully in 3 ms
2025-05-14 00:00:36 [http-nio-8080-exec-2] INFO  c.e.user_service.aop.LoggingAspect - Method HrService::getHrById executed successfully in 3 ms
2025-05-14 00:00:36 [http-nio-8080-exec-2] INFO  c.e.user_service.aop.LoggingAspect - Method HrController::getPublicInfoHr executed successfully in 3 ms
2025-05-14 00:00:36 [http-nio-8080-exec-8] INFO  c.e.user_service.aop.LoggingAspect - Method HrService::getHrById executed successfully in 3 ms
2025-05-14 00:00:36 [http-nio-8080-exec-8] INFO  c.e.user_service.aop.LoggingAspect - Method HrController::getPublicInfoHr executed successfully in 3 ms
2025-05-14 00:00:36 [http-nio-8080-exec-4] INFO  c.e.user_service.aop.LoggingAspect - Method HrService::getHrById executed successfully in 3 ms
2025-05-14 00:00:36 [http-nio-8080-exec-4] INFO  c.e.user_service.aop.LoggingAspect - Method HrController::getPublicInfoHr executed successfully in 3 ms
2025-05-14 00:00:36 [http-nio-8080-exec-7] INFO  c.e.user_service.aop.LoggingAspect - Method HrService::getHrById executed successfully in 2 ms
2025-05-14 00:00:36 [http-nio-8080-exec-7] INFO  c.e.user_service.aop.LoggingAspect - Method HrController::getPublicInfoHr executed successfully in 2 ms
2025-05-14 00:00:36 [http-nio-8080-exec-10] INFO  c.e.user_service.aop.LoggingAspect - Method HrService::getHrById executed successfully in 5 ms
2025-05-14 00:00:36 [http-nio-8080-exec-10] INFO  c.e.user_service.aop.LoggingAspect - Method HrController::getPublicInfoHr executed successfully in 5 ms
2025-05-14 00:00:36 [http-nio-8080-exec-5] INFO  c.e.user_service.aop.LoggingAspect - Method HrService::getHrById executed successfully in 3 ms
2025-05-14 00:00:36 [http-nio-8080-exec-5] INFO  c.e.user_service.aop.LoggingAspect - Method HrController::getPublicInfoHr executed successfully in 3 ms
2025-05-14 00:00:36 [http-nio-8080-exec-3] INFO  c.e.user_service.aop.LoggingAspect - Method HrService::getHrById executed successfully in 2 ms
2025-05-14 00:00:36 [http-nio-8080-exec-3] INFO  c.e.user_service.aop.LoggingAspect - Method HrController::getPublicInfoHr executed successfully in 2 ms
2025-05-14 00:00:36 [http-nio-8080-exec-9] INFO  c.e.user_service.aop.LoggingAspect - Method HrService::getHrById executed successfully in 3 ms
2025-05-14 00:00:36 [http-nio-8080-exec-9] INFO  c.e.user_service.aop.LoggingAspect - Method HrController::getPublicInfoHr executed successfully in 3 ms
2025-05-14 00:00:36 [http-nio-8080-exec-6] INFO  c.e.user_service.aop.LoggingAspect - Method HrService::getHrById executed successfully in 3 ms
2025-05-14 00:00:36 [http-nio-8080-exec-6] INFO  c.e.user_service.aop.LoggingAspect - Method HrController::getPublicInfoHr executed successfully in 3 ms
2025-05-14 00:00:37 [http-nio-8080-exec-2] INFO  c.e.user_service.aop.LoggingAspect - Method CompanyService::getAllCompanies executed successfully in 3 ms
2025-05-14 00:00:37 [http-nio-8080-exec-2] INFO  c.e.user_service.aop.LoggingAspect - Method CompanyController::getAllCompanies executed successfully in 3 ms
2025-05-14 00:00:37 [http-nio-8080-exec-8] INFO  c.e.user_service.aop.LoggingAspect - Method CompanyService::getAllCompanies executed successfully in 3 ms
2025-05-14 00:00:37 [http-nio-8080-exec-8] INFO  c.e.user_service.aop.LoggingAspect - Method CompanyController::getAllCompanies executed successfully in 3 ms
2025-05-14 00:00:38 [http-nio-8080-exec-4] INFO  c.e.user_service.aop.LoggingAspect - Method HrService::getAllHr executed successfully in 6 ms
2025-05-14 00:00:38 [http-nio-8080-exec-4] INFO  c.e.user_service.aop.LoggingAspect - Method HrController::getAllHr executed successfully in 9 ms
2025-05-14 00:00:38 [http-nio-8080-exec-1] INFO  c.e.user_service.aop.LoggingAspect - Method HrService::getAllHr executed successfully in 8 ms
2025-05-14 00:00:38 [http-nio-8080-exec-1] INFO  c.e.user_service.aop.LoggingAspect - Method HrController::getAllHr executed successfully in 10 ms
2025-05-14 00:00:43 [http-nio-8080-exec-7] INFO  c.e.user_service.aop.LoggingAspect - Method CustomUserDetailsService::loadUserByUsername executed successfully in 4 ms
2025-05-14 00:00:44 [http-nio-8080-exec-7] INFO  c.e.user_service.aop.LoggingAspect - Method AuthService::authenticate executed successfully in 72 ms
2025-05-14 00:00:44 [http-nio-8080-exec-7] INFO  c.e.user_service.aop.LoggingAspect - Method UserService::getUserByUsername executed successfully in 2 ms
2025-05-14 00:00:44 [http-nio-8080-exec-7] INFO  c.e.user_service.aop.LoggingAspect - Method AuthController::login executed successfully in 75 ms
2025-05-14 00:00:45 [http-nio-8080-exec-10] INFO  c.e.user_service.aop.LoggingAspect - Method HrService::getHrById executed successfully in 3 ms
2025-05-14 00:00:45 [http-nio-8080-exec-10] INFO  c.e.user_service.aop.LoggingAspect - Method HrController::getPublicInfoHr executed successfully in 3 ms
2025-05-14 00:00:45 [http-nio-8080-exec-5] INFO  c.e.user_service.aop.LoggingAspect - Method HrService::getHrById executed successfully in 1 ms
2025-05-14 00:00:45 [http-nio-8080-exec-5] INFO  c.e.user_service.aop.LoggingAspect - Method HrController::getPublicInfoHr executed successfully in 2 ms
2025-05-14 00:00:45 [http-nio-8080-exec-3] INFO  c.e.user_service.aop.LoggingAspect - Method HrService::getHrById executed successfully in 3 ms
2025-05-14 00:00:45 [http-nio-8080-exec-3] INFO  c.e.user_service.aop.LoggingAspect - Method HrController::getPublicInfoHr executed successfully in 3 ms
2025-05-14 00:00:45 [http-nio-8080-exec-9] INFO  c.e.user_service.aop.LoggingAspect - Method HrService::getHrById executed successfully in 2 ms
2025-05-14 00:00:45 [http-nio-8080-exec-9] INFO  c.e.user_service.aop.LoggingAspect - Method HrController::getPublicInfoHr executed successfully in 2 ms
2025-05-14 00:00:45 [http-nio-8080-exec-6] INFO  c.e.user_service.aop.LoggingAspect - Method HrService::getHrById executed successfully in 2 ms
2025-05-14 00:00:45 [http-nio-8080-exec-6] INFO  c.e.user_service.aop.LoggingAspect - Method HrController::getPublicInfoHr executed successfully in 2 ms
2025-05-14 00:00:45 [http-nio-8080-exec-2] INFO  c.e.user_service.aop.LoggingAspect - Method HrService::getHrById executed successfully in 3 ms
2025-05-14 00:00:45 [http-nio-8080-exec-2] INFO  c.e.user_service.aop.LoggingAspect - Method HrController::getPublicInfoHr executed successfully in 4 ms
2025-05-14 00:00:45 [http-nio-8080-exec-8] INFO  c.e.user_service.aop.LoggingAspect - Method HrService::getHrById executed successfully in 2 ms
2025-05-14 00:00:45 [http-nio-8080-exec-8] INFO  c.e.user_service.aop.LoggingAspect - Method HrController::getPublicInfoHr executed successfully in 3 ms
2025-05-14 00:00:45 [http-nio-8080-exec-4] INFO  c.e.user_service.aop.LoggingAspect - Method HrService::getHrById executed successfully in 2 ms
2025-05-14 00:00:45 [http-nio-8080-exec-4] INFO  c.e.user_service.aop.LoggingAspect - Method HrController::getPublicInfoHr executed successfully in 2 ms
2025-05-14 00:00:45 [http-nio-8080-exec-1] INFO  c.e.user_service.aop.LoggingAspect - Method HrService::getHrById executed successfully in 2 ms
2025-05-14 00:00:45 [http-nio-8080-exec-1] INFO  c.e.user_service.aop.LoggingAspect - Method HrController::getPublicInfoHr executed successfully in 3 ms
2025-05-14 00:00:45 [http-nio-8080-exec-7] INFO  c.e.user_service.aop.LoggingAspect - Method HrService::getHrById executed successfully in 3 ms
2025-05-14 00:00:45 [http-nio-8080-exec-7] INFO  c.e.user_service.aop.LoggingAspect - Method HrController::getPublicInfoHr executed successfully in 3 ms
2025-05-14 00:00:45 [http-nio-8080-exec-10] INFO  c.e.user_service.aop.LoggingAspect - Method HrService::getHrById executed successfully in 3 ms
2025-05-14 00:00:45 [http-nio-8080-exec-10] INFO  c.e.user_service.aop.LoggingAspect - Method HrController::getPublicInfoHr executed successfully in 4 ms
2025-05-14 00:00:45 [http-nio-8080-exec-5] INFO  c.e.user_service.aop.LoggingAspect - Method HrService::getHrById executed successfully in 3 ms
2025-05-14 00:00:45 [http-nio-8080-exec-5] INFO  c.e.user_service.aop.LoggingAspect - Method HrController::getPublicInfoHr executed successfully in 3 ms
2025-05-14 00:00:45 [http-nio-8080-exec-3] INFO  c.e.user_service.aop.LoggingAspect - Method HrService::getHrById executed successfully in 3 ms
2025-05-14 00:00:45 [http-nio-8080-exec-3] INFO  c.e.user_service.aop.LoggingAspect - Method HrController::getPublicInfoHr executed successfully in 3 ms
2025-05-14 00:00:45 [http-nio-8080-exec-9] INFO  c.e.user_service.aop.LoggingAspect - Method HrService::getHrById executed successfully in 2 ms
2025-05-14 00:00:45 [http-nio-8080-exec-9] INFO  c.e.user_service.aop.LoggingAspect - Method HrController::getPublicInfoHr executed successfully in 2 ms
2025-05-14 00:00:45 [http-nio-8080-exec-6] INFO  c.e.user_service.aop.LoggingAspect - Method HrService::getHrById executed successfully in 1 ms
2025-05-14 00:00:45 [http-nio-8080-exec-6] INFO  c.e.user_service.aop.LoggingAspect - Method HrController::getPublicInfoHr executed successfully in 1 ms
2025-05-14 00:00:45 [http-nio-8080-exec-2] INFO  c.e.user_service.aop.LoggingAspect - Method HrService::getHrById executed successfully in 1 ms
2025-05-14 00:00:45 [http-nio-8080-exec-2] INFO  c.e.user_service.aop.LoggingAspect - Method HrController::getPublicInfoHr executed successfully in 2 ms
2025-05-14 00:00:45 [http-nio-8080-exec-8] INFO  c.e.user_service.aop.LoggingAspect - Method HrService::getHrById executed successfully in 2 ms
2025-05-14 00:00:45 [http-nio-8080-exec-8] INFO  c.e.user_service.aop.LoggingAspect - Method HrController::getPublicInfoHr executed successfully in 3 ms
2025-05-14 00:00:45 [http-nio-8080-exec-4] INFO  c.e.user_service.aop.LoggingAspect - Method HrService::getHrById executed successfully in 2 ms
2025-05-14 00:00:45 [http-nio-8080-exec-4] INFO  c.e.user_service.aop.LoggingAspect - Method HrController::getPublicInfoHr executed successfully in 2 ms
2025-05-14 00:00:45 [http-nio-8080-exec-1] INFO  c.e.user_service.aop.LoggingAspect - Method HrService::getHrById executed successfully in 4 ms
2025-05-14 00:00:45 [http-nio-8080-exec-1] INFO  c.e.user_service.aop.LoggingAspect - Method HrController::getPublicInfoHr executed successfully in 4 ms
2025-05-14 00:00:45 [http-nio-8080-exec-7] INFO  c.e.user_service.aop.LoggingAspect - Method HrService::getHrById executed successfully in 3 ms
2025-05-14 00:00:45 [http-nio-8080-exec-7] INFO  c.e.user_service.aop.LoggingAspect - Method HrController::getPublicInfoHr executed successfully in 3 ms
2025-05-14 00:00:45 [http-nio-8080-exec-10] INFO  c.e.user_service.aop.LoggingAspect - Method HrService::getHrById executed successfully in 4 ms
2025-05-14 00:00:45 [http-nio-8080-exec-10] INFO  c.e.user_service.aop.LoggingAspect - Method HrController::getPublicInfoHr executed successfully in 5 ms
2025-05-14 00:00:45 [http-nio-8080-exec-5] INFO  c.e.user_service.aop.LoggingAspect - Method HrService::getHrById executed successfully in 7 ms
2025-05-14 00:00:45 [http-nio-8080-exec-5] INFO  c.e.user_service.aop.LoggingAspect - Method HrController::getPublicInfoHr executed successfully in 7 ms
2025-05-14 00:00:45 [http-nio-8080-exec-3] INFO  c.e.user_service.aop.LoggingAspect - Method HrService::getHrById executed successfully in 2 ms
2025-05-14 00:00:45 [http-nio-8080-exec-3] INFO  c.e.user_service.aop.LoggingAspect - Method HrController::getPublicInfoHr executed successfully in 2 ms
2025-05-14 00:00:45 [http-nio-8080-exec-9] INFO  c.e.user_service.aop.LoggingAspect - Method HrService::getHrById executed successfully in 3 ms
2025-05-14 00:00:45 [http-nio-8080-exec-9] INFO  c.e.user_service.aop.LoggingAspect - Method HrController::getPublicInfoHr executed successfully in 3 ms
2025-05-14 00:00:45 [http-nio-8080-exec-6] INFO  c.e.user_service.aop.LoggingAspect - Method HrService::getHrById executed successfully in 3 ms
2025-05-14 00:00:45 [http-nio-8080-exec-6] INFO  c.e.user_service.aop.LoggingAspect - Method HrController::getPublicInfoHr executed successfully in 3 ms
2025-05-14 00:00:45 [http-nio-8080-exec-2] INFO  c.e.user_service.aop.LoggingAspect - Method HrService::getHrById executed successfully in 3 ms
2025-05-14 00:00:45 [http-nio-8080-exec-2] INFO  c.e.user_service.aop.LoggingAspect - Method HrController::getPublicInfoHr executed successfully in 3 ms
2025-05-14 00:00:45 [http-nio-8080-exec-8] INFO  c.e.user_service.aop.LoggingAspect - Method HrService::getHrById executed successfully in 1 ms
2025-05-14 00:00:45 [http-nio-8080-exec-8] INFO  c.e.user_service.aop.LoggingAspect - Method HrController::getPublicInfoHr executed successfully in 1 ms
2025-05-14 00:00:45 [http-nio-8080-exec-4] INFO  c.e.user_service.aop.LoggingAspect - Method HrService::getHrById executed successfully in 3 ms
2025-05-14 00:00:45 [http-nio-8080-exec-4] INFO  c.e.user_service.aop.LoggingAspect - Method HrController::getPublicInfoHr executed successfully in 3 ms
2025-05-14 00:00:45 [http-nio-8080-exec-1] INFO  c.e.user_service.aop.LoggingAspect - Method HrService::getHrById executed successfully in 1 ms
2025-05-14 00:00:45 [http-nio-8080-exec-1] INFO  c.e.user_service.aop.LoggingAspect - Method HrController::getPublicInfoHr executed successfully in 1 ms
2025-05-14 00:00:45 [http-nio-8080-exec-7] INFO  c.e.user_service.aop.LoggingAspect - Method HrService::getHrById executed successfully in 3 ms
2025-05-14 00:00:45 [http-nio-8080-exec-7] INFO  c.e.user_service.aop.LoggingAspect - Method HrController::getPublicInfoHr executed successfully in 3 ms
2025-05-14 00:00:45 [http-nio-8080-exec-10] INFO  c.e.user_service.aop.LoggingAspect - Method HrService::getHrById executed successfully in 2 ms
2025-05-14 00:00:45 [http-nio-8080-exec-10] INFO  c.e.user_service.aop.LoggingAspect - Method HrController::getPublicInfoHr executed successfully in 2 ms
2025-05-14 00:00:45 [http-nio-8080-exec-5] INFO  c.e.user_service.aop.LoggingAspect - Method HrService::getHrById executed successfully in 2 ms
2025-05-14 00:00:45 [http-nio-8080-exec-5] INFO  c.e.user_service.aop.LoggingAspect - Method HrController::getPublicInfoHr executed successfully in 2 ms
2025-05-14 00:00:45 [http-nio-8080-exec-3] INFO  c.e.user_service.aop.LoggingAspect - Method HrService::getHrById executed successfully in 1 ms
2025-05-14 00:00:45 [http-nio-8080-exec-3] INFO  c.e.user_service.aop.LoggingAspect - Method HrController::getPublicInfoHr executed successfully in 1 ms
2025-05-14 00:00:45 [http-nio-8080-exec-9] INFO  c.e.user_service.aop.LoggingAspect - Method HrService::getHrById executed successfully in 2 ms
2025-05-14 00:00:45 [http-nio-8080-exec-9] INFO  c.e.user_service.aop.LoggingAspect - Method HrController::getPublicInfoHr executed successfully in 2 ms
2025-05-14 00:00:45 [http-nio-8080-exec-6] INFO  c.e.user_service.aop.LoggingAspect - Method HrService::getHrById executed successfully in 2 ms
2025-05-14 00:00:45 [http-nio-8080-exec-6] INFO  c.e.user_service.aop.LoggingAspect - Method HrController::getPublicInfoHr executed successfully in 2 ms
2025-05-14 00:00:45 [http-nio-8080-exec-2] INFO  c.e.user_service.aop.LoggingAspect - Method HrService::getHrById executed successfully in 1 ms
2025-05-14 00:00:45 [http-nio-8080-exec-2] INFO  c.e.user_service.aop.LoggingAspect - Method HrController::getPublicInfoHr executed successfully in 2 ms
2025-05-14 00:00:45 [http-nio-8080-exec-8] INFO  c.e.user_service.aop.LoggingAspect - Method HrService::getHrById executed successfully in 4 ms
2025-05-14 00:00:45 [http-nio-8080-exec-8] INFO  c.e.user_service.aop.LoggingAspect - Method HrController::getPublicInfoHr executed successfully in 4 ms
2025-05-14 00:00:45 [http-nio-8080-exec-4] INFO  c.e.user_service.aop.LoggingAspect - Method HrService::getHrById executed successfully in 2 ms
2025-05-14 00:00:45 [http-nio-8080-exec-4] INFO  c.e.user_service.aop.LoggingAspect - Method HrController::getPublicInfoHr executed successfully in 2 ms
2025-05-14 00:00:45 [http-nio-8080-exec-1] INFO  c.e.user_service.aop.LoggingAspect - Method HrService::getHrById executed successfully in 1 ms
2025-05-14 00:00:45 [http-nio-8080-exec-1] INFO  c.e.user_service.aop.LoggingAspect - Method HrController::getPublicInfoHr executed successfully in 2 ms
2025-05-14 00:00:45 [http-nio-8080-exec-7] INFO  c.e.user_service.aop.LoggingAspect - Method HrService::getHrById executed successfully in 2 ms
2025-05-14 00:00:45 [http-nio-8080-exec-7] INFO  c.e.user_service.aop.LoggingAspect - Method HrController::getPublicInfoHr executed successfully in 2 ms
2025-05-14 00:00:46 [http-nio-8080-exec-10] INFO  c.e.user_service.aop.LoggingAspect - Method HrService::getHrById executed successfully in 4 ms
2025-05-14 00:00:46 [http-nio-8080-exec-10] INFO  c.e.user_service.aop.LoggingAspect - Method HrController::getPublicInfoHr executed successfully in 4 ms
2025-05-14 00:00:46 [http-nio-8080-exec-5] INFO  c.e.user_service.aop.LoggingAspect - Method HrService::getHrById executed successfully in 2 ms
2025-05-14 00:00:46 [http-nio-8080-exec-5] INFO  c.e.user_service.aop.LoggingAspect - Method HrController::getPublicInfoHr executed successfully in 2 ms
2025-05-14 00:00:46 [http-nio-8080-exec-3] INFO  c.e.user_service.aop.LoggingAspect - Method HrService::getHrById executed successfully in 3 ms
2025-05-14 00:00:46 [http-nio-8080-exec-3] INFO  c.e.user_service.aop.LoggingAspect - Method HrController::getPublicInfoHr executed successfully in 3 ms
2025-05-14 00:01:07 [http-nio-8080-exec-9] INFO  c.e.user_service.aop.LoggingAspect - Method HrService::getHrById executed successfully in 2 ms
2025-05-14 00:01:07 [http-nio-8080-exec-9] INFO  c.e.user_service.aop.LoggingAspect - Method HrController::getPublicInfoHr executed successfully in 3 ms
2025-05-14 00:01:07 [http-nio-8080-exec-6] INFO  c.e.user_service.aop.LoggingAspect - Method HrService::getHrById executed successfully in 2 ms
2025-05-14 00:01:07 [http-nio-8080-exec-6] INFO  c.e.user_service.aop.LoggingAspect - Method HrController::getPublicInfoHr executed successfully in 2 ms
2025-05-14 00:01:07 [http-nio-8080-exec-2] INFO  c.e.user_service.aop.LoggingAspect - Method HrService::getHrById executed successfully in 2 ms
2025-05-14 00:01:07 [http-nio-8080-exec-2] INFO  c.e.user_service.aop.LoggingAspect - Method HrController::getPublicInfoHr executed successfully in 2 ms
2025-05-14 00:01:07 [http-nio-8080-exec-8] INFO  c.e.user_service.aop.LoggingAspect - Method HrService::getHrById executed successfully in 2 ms
2025-05-14 00:01:07 [http-nio-8080-exec-8] INFO  c.e.user_service.aop.LoggingAspect - Method HrController::getPublicInfoHr executed successfully in 3 ms
2025-05-14 00:01:07 [http-nio-8080-exec-4] INFO  c.e.user_service.aop.LoggingAspect - Method HrService::getHrById executed successfully in 2 ms
2025-05-14 00:01:07 [http-nio-8080-exec-4] INFO  c.e.user_service.aop.LoggingAspect - Method HrController::getPublicInfoHr executed successfully in 2 ms
2025-05-14 00:01:07 [http-nio-8080-exec-1] INFO  c.e.user_service.aop.LoggingAspect - Method HrService::getHrById executed successfully in 2 ms
2025-05-14 00:01:07 [http-nio-8080-exec-1] INFO  c.e.user_service.aop.LoggingAspect - Method HrController::getPublicInfoHr executed successfully in 2 ms
2025-05-14 00:01:07 [http-nio-8080-exec-7] INFO  c.e.user_service.aop.LoggingAspect - Method HrService::getHrById executed successfully in 4 ms
2025-05-14 00:01:07 [http-nio-8080-exec-7] INFO  c.e.user_service.aop.LoggingAspect - Method HrController::getPublicInfoHr executed successfully in 4 ms
2025-05-14 00:01:07 [http-nio-8080-exec-10] INFO  c.e.user_service.aop.LoggingAspect - Method HrService::getHrById executed successfully in 2 ms
2025-05-14 00:01:07 [http-nio-8080-exec-10] INFO  c.e.user_service.aop.LoggingAspect - Method HrController::getPublicInfoHr executed successfully in 3 ms
2025-05-14 00:01:07 [http-nio-8080-exec-5] INFO  c.e.user_service.aop.LoggingAspect - Method HrService::getHrById executed successfully in 1 ms
2025-05-14 00:01:07 [http-nio-8080-exec-5] INFO  c.e.user_service.aop.LoggingAspect - Method HrController::getPublicInfoHr executed successfully in 1 ms
2025-05-14 00:01:07 [http-nio-8080-exec-3] INFO  c.e.user_service.aop.LoggingAspect - Method HrService::getHrById executed successfully in 1 ms
2025-05-14 00:01:07 [http-nio-8080-exec-3] INFO  c.e.user_service.aop.LoggingAspect - Method HrController::getPublicInfoHr executed successfully in 1 ms
2025-05-14 00:01:10 [http-nio-8080-exec-9] INFO  c.e.user_service.aop.LoggingAspect - Method HrService::getHrById executed successfully in 2 ms
2025-05-14 00:01:10 [http-nio-8080-exec-9] INFO  c.e.user_service.aop.LoggingAspect - Method HrController::getPublicInfoHr executed successfully in 2 ms
2025-05-14 00:01:10 [http-nio-8080-exec-6] INFO  c.e.user_service.aop.LoggingAspect - Method HrService::getHrById executed successfully in 2 ms
2025-05-14 00:01:10 [http-nio-8080-exec-6] INFO  c.e.user_service.aop.LoggingAspect - Method HrController::getPublicInfoHr executed successfully in 2 ms
2025-05-14 00:01:10 [http-nio-8080-exec-2] INFO  c.e.user_service.aop.LoggingAspect - Method HrService::getHrById executed successfully in 2 ms
2025-05-14 00:01:10 [http-nio-8080-exec-2] INFO  c.e.user_service.aop.LoggingAspect - Method HrController::getPublicInfoHr executed successfully in 2 ms
2025-05-14 00:01:10 [http-nio-8080-exec-8] INFO  c.e.user_service.aop.LoggingAspect - Method HrService::getHrById executed successfully in 1 ms
2025-05-14 00:01:10 [http-nio-8080-exec-8] INFO  c.e.user_service.aop.LoggingAspect - Method HrController::getPublicInfoHr executed successfully in 1 ms
2025-05-14 00:01:10 [http-nio-8080-exec-4] INFO  c.e.user_service.aop.LoggingAspect - Method HrService::getHrById executed successfully in 2 ms
2025-05-14 00:01:10 [http-nio-8080-exec-4] INFO  c.e.user_service.aop.LoggingAspect - Method HrController::getPublicInfoHr executed successfully in 2 ms
2025-05-14 00:01:10 [http-nio-8080-exec-1] INFO  c.e.user_service.aop.LoggingAspect - Method HrService::getHrById executed successfully in 1 ms
2025-05-14 00:01:10 [http-nio-8080-exec-1] INFO  c.e.user_service.aop.LoggingAspect - Method HrController::getPublicInfoHr executed successfully in 1 ms
2025-05-14 00:01:10 [http-nio-8080-exec-7] INFO  c.e.user_service.aop.LoggingAspect - Method HrService::getHrById executed successfully in 2 ms
2025-05-14 00:01:10 [http-nio-8080-exec-7] INFO  c.e.user_service.aop.LoggingAspect - Method HrController::getPublicInfoHr executed successfully in 2 ms
2025-05-14 00:01:10 [http-nio-8080-exec-10] INFO  c.e.user_service.aop.LoggingAspect - Method HrService::getHrById executed successfully in 2 ms
2025-05-14 00:01:10 [http-nio-8080-exec-10] INFO  c.e.user_service.aop.LoggingAspect - Method HrController::getPublicInfoHr executed successfully in 2 ms
2025-05-14 00:01:10 [http-nio-8080-exec-5] INFO  c.e.user_service.aop.LoggingAspect - Method HrService::getHrById executed successfully in 3 ms
2025-05-14 00:01:10 [http-nio-8080-exec-5] INFO  c.e.user_service.aop.LoggingAspect - Method HrController::getPublicInfoHr executed successfully in 3 ms
2025-05-14 00:01:10 [http-nio-8080-exec-3] INFO  c.e.user_service.aop.LoggingAspect - Method HrService::getHrById executed successfully in 1 ms
2025-05-14 00:01:10 [http-nio-8080-exec-3] INFO  c.e.user_service.aop.LoggingAspect - Method HrController::getPublicInfoHr executed successfully in 2 ms
2025-05-14 00:01:14 [http-nio-8080-exec-9] INFO  c.e.user_service.aop.LoggingAspect - Method HrService::getHrById executed successfully in 1 ms
2025-05-14 00:01:14 [http-nio-8080-exec-9] INFO  c.e.user_service.aop.LoggingAspect - Method HrController::getPublicInfoHr executed successfully in 1 ms
2025-05-14 00:01:16 [http-nio-8080-exec-6] INFO  c.e.user_service.aop.LoggingAspect - Method HrService::getHrById executed successfully in 2 ms
2025-05-14 00:01:16 [http-nio-8080-exec-6] INFO  c.e.user_service.aop.LoggingAspect - Method HrController::getPublicInfoHr executed successfully in 2 ms
2025-05-14 00:01:16 [http-nio-8080-exec-2] INFO  c.e.user_service.aop.LoggingAspect - Method HrService::getHrById executed successfully in 1 ms
2025-05-14 00:01:16 [http-nio-8080-exec-2] INFO  c.e.user_service.aop.LoggingAspect - Method HrController::getPublicInfoHr executed successfully in 1 ms
2025-05-14 00:01:16 [http-nio-8080-exec-8] INFO  c.e.user_service.aop.LoggingAspect - Method HrService::getHrById executed successfully in 2 ms
2025-05-14 00:01:16 [http-nio-8080-exec-8] INFO  c.e.user_service.aop.LoggingAspect - Method HrController::getPublicInfoHr executed successfully in 2 ms
2025-05-14 00:01:16 [http-nio-8080-exec-4] INFO  c.e.user_service.aop.LoggingAspect - Method HrService::getHrById executed successfully in 2 ms
2025-05-14 00:01:16 [http-nio-8080-exec-4] INFO  c.e.user_service.aop.LoggingAspect - Method HrController::getPublicInfoHr executed successfully in 2 ms
2025-05-14 00:01:16 [http-nio-8080-exec-1] INFO  c.e.user_service.aop.LoggingAspect - Method HrService::getHrById executed successfully in 2 ms
2025-05-14 00:01:16 [http-nio-8080-exec-1] INFO  c.e.user_service.aop.LoggingAspect - Method HrController::getPublicInfoHr executed successfully in 3 ms
2025-05-14 00:01:16 [http-nio-8080-exec-7] INFO  c.e.user_service.aop.LoggingAspect - Method HrService::getHrById executed successfully in 2 ms
2025-05-14 00:01:16 [http-nio-8080-exec-7] INFO  c.e.user_service.aop.LoggingAspect - Method HrController::getPublicInfoHr executed successfully in 2 ms
2025-05-14 00:01:16 [http-nio-8080-exec-10] INFO  c.e.user_service.aop.LoggingAspect - Method HrService::getHrById executed successfully in 3 ms
2025-05-14 00:01:16 [http-nio-8080-exec-10] INFO  c.e.user_service.aop.LoggingAspect - Method HrController::getPublicInfoHr executed successfully in 3 ms
2025-05-14 00:01:16 [http-nio-8080-exec-5] INFO  c.e.user_service.aop.LoggingAspect - Method HrService::getHrById executed successfully in 2 ms
2025-05-14 00:01:16 [http-nio-8080-exec-5] INFO  c.e.user_service.aop.LoggingAspect - Method HrController::getPublicInfoHr executed successfully in 2 ms
2025-05-14 00:01:16 [http-nio-8080-exec-3] INFO  c.e.user_service.aop.LoggingAspect - Method HrService::getHrById executed successfully in 1 ms
2025-05-14 00:01:16 [http-nio-8080-exec-3] INFO  c.e.user_service.aop.LoggingAspect - Method HrController::getPublicInfoHr executed successfully in 1 ms
2025-05-14 00:01:16 [http-nio-8080-exec-9] INFO  c.e.user_service.aop.LoggingAspect - Method HrService::getHrById executed successfully in 3 ms
2025-05-14 00:01:16 [http-nio-8080-exec-9] INFO  c.e.user_service.aop.LoggingAspect - Method HrController::getPublicInfoHr executed successfully in 3 ms
2025-05-14 00:01:17 [http-nio-8080-exec-6] INFO  c.e.user_service.aop.LoggingAspect - Method HrService::getHrById executed successfully in 2 ms
2025-05-14 00:01:17 [http-nio-8080-exec-6] INFO  c.e.user_service.aop.LoggingAspect - Method HrController::getPublicInfoHr executed successfully in 2 ms
2025-05-14 00:01:19 [http-nio-8080-exec-2] INFO  c.e.user_service.aop.LoggingAspect - Method HrService::getHrById executed successfully in 2 ms
2025-05-14 00:01:19 [http-nio-8080-exec-2] INFO  c.e.user_service.aop.LoggingAspect - Method HrController::getPublicInfoHr executed successfully in 2 ms
2025-05-14 00:01:19 [http-nio-8080-exec-8] INFO  c.e.user_service.aop.LoggingAspect - Method HrService::getHrById executed successfully in 2 ms
2025-05-14 00:01:19 [http-nio-8080-exec-8] INFO  c.e.user_service.aop.LoggingAspect - Method HrController::getPublicInfoHr executed successfully in 2 ms
2025-05-14 00:01:19 [http-nio-8080-exec-4] INFO  c.e.user_service.aop.LoggingAspect - Method HrService::getHrById executed successfully in 2 ms
2025-05-14 00:01:19 [http-nio-8080-exec-4] INFO  c.e.user_service.aop.LoggingAspect - Method HrController::getPublicInfoHr executed successfully in 2 ms
2025-05-14 00:01:19 [http-nio-8080-exec-1] INFO  c.e.user_service.aop.LoggingAspect - Method HrService::getHrById executed successfully in 2 ms
2025-05-14 00:01:19 [http-nio-8080-exec-1] INFO  c.e.user_service.aop.LoggingAspect - Method HrController::getPublicInfoHr executed successfully in 2 ms
2025-05-14 00:01:19 [http-nio-8080-exec-7] INFO  c.e.user_service.aop.LoggingAspect - Method HrService::getHrById executed successfully in 2 ms
2025-05-14 00:01:19 [http-nio-8080-exec-7] INFO  c.e.user_service.aop.LoggingAspect - Method HrController::getPublicInfoHr executed successfully in 2 ms
2025-05-14 00:01:19 [http-nio-8080-exec-10] INFO  c.e.user_service.aop.LoggingAspect - Method HrService::getHrById executed successfully in 1 ms
2025-05-14 00:01:19 [http-nio-8080-exec-10] INFO  c.e.user_service.aop.LoggingAspect - Method HrController::getPublicInfoHr executed successfully in 1 ms
2025-05-14 00:01:19 [http-nio-8080-exec-5] INFO  c.e.user_service.aop.LoggingAspect - Method HrService::getHrById executed successfully in 1 ms
2025-05-14 00:01:19 [http-nio-8080-exec-5] INFO  c.e.user_service.aop.LoggingAspect - Method HrController::getPublicInfoHr executed successfully in 1 ms
2025-05-14 00:01:19 [http-nio-8080-exec-3] INFO  c.e.user_service.aop.LoggingAspect - Method HrService::getHrById executed successfully in 2 ms
2025-05-14 00:01:19 [http-nio-8080-exec-3] INFO  c.e.user_service.aop.LoggingAspect - Method HrController::getPublicInfoHr executed successfully in 2 ms
2025-05-14 00:01:19 [http-nio-8080-exec-9] INFO  c.e.user_service.aop.LoggingAspect - Method HrService::getHrById executed successfully in 2 ms
2025-05-14 00:01:19 [http-nio-8080-exec-9] INFO  c.e.user_service.aop.LoggingAspect - Method HrController::getPublicInfoHr executed successfully in 2 ms
2025-05-14 00:01:19 [http-nio-8080-exec-6] INFO  c.e.user_service.aop.LoggingAspect - Method HrService::getHrById executed successfully in 2 ms
2025-05-14 00:01:19 [http-nio-8080-exec-6] INFO  c.e.user_service.aop.LoggingAspect - Method HrController::getPublicInfoHr executed successfully in 2 ms
2025-05-14 00:01:21 [http-nio-8080-exec-2] INFO  c.e.user_service.aop.LoggingAspect - Method HrService::getHrById executed successfully in 2 ms
2025-05-14 00:01:21 [http-nio-8080-exec-2] INFO  c.e.user_service.aop.LoggingAspect - Method HrController::getPublicInfoHr executed successfully in 2 ms
2025-05-14 00:01:21 [http-nio-8080-exec-8] INFO  c.e.user_service.aop.LoggingAspect - Method HrService::getHrById executed successfully in 2 ms
2025-05-14 00:01:21 [http-nio-8080-exec-8] INFO  c.e.user_service.aop.LoggingAspect - Method HrController::getPublicInfoHr executed successfully in 3 ms
2025-05-14 00:01:21 [http-nio-8080-exec-4] INFO  c.e.user_service.aop.LoggingAspect - Method HrService::getHrById executed successfully in 1 ms
2025-05-14 00:01:21 [http-nio-8080-exec-4] INFO  c.e.user_service.aop.LoggingAspect - Method HrController::getPublicInfoHr executed successfully in 2 ms
2025-05-14 00:01:21 [http-nio-8080-exec-1] INFO  c.e.user_service.aop.LoggingAspect - Method HrService::getHrById executed successfully in 1 ms
2025-05-14 00:01:21 [http-nio-8080-exec-1] INFO  c.e.user_service.aop.LoggingAspect - Method HrController::getPublicInfoHr executed successfully in 1 ms
2025-05-14 00:01:21 [http-nio-8080-exec-7] INFO  c.e.user_service.aop.LoggingAspect - Method HrService::getHrById executed successfully in 1 ms
2025-05-14 00:01:21 [http-nio-8080-exec-7] INFO  c.e.user_service.aop.LoggingAspect - Method HrController::getPublicInfoHr executed successfully in 1 ms
2025-05-14 00:01:21 [http-nio-8080-exec-10] INFO  c.e.user_service.aop.LoggingAspect - Method HrService::getHrById executed successfully in 2 ms
2025-05-14 00:01:21 [http-nio-8080-exec-10] INFO  c.e.user_service.aop.LoggingAspect - Method HrController::getPublicInfoHr executed successfully in 2 ms
2025-05-14 00:01:21 [http-nio-8080-exec-5] INFO  c.e.user_service.aop.LoggingAspect - Method HrService::getHrById executed successfully in 2 ms
2025-05-14 00:01:21 [http-nio-8080-exec-5] INFO  c.e.user_service.aop.LoggingAspect - Method HrController::getPublicInfoHr executed successfully in 2 ms
2025-05-14 00:01:21 [http-nio-8080-exec-3] INFO  c.e.user_service.aop.LoggingAspect - Method HrService::getHrById executed successfully in 2 ms
2025-05-14 00:01:21 [http-nio-8080-exec-3] INFO  c.e.user_service.aop.LoggingAspect - Method HrController::getPublicInfoHr executed successfully in 2 ms
2025-05-14 00:01:21 [http-nio-8080-exec-9] INFO  c.e.user_service.aop.LoggingAspect - Method HrService::getHrById executed successfully in 3 ms
2025-05-14 00:01:21 [http-nio-8080-exec-9] INFO  c.e.user_service.aop.LoggingAspect - Method HrController::getPublicInfoHr executed successfully in 3 ms
2025-05-14 00:01:21 [http-nio-8080-exec-6] INFO  c.e.user_service.aop.LoggingAspect - Method HrService::getHrById executed successfully in 2 ms
2025-05-14 00:01:21 [http-nio-8080-exec-6] INFO  c.e.user_service.aop.LoggingAspect - Method HrController::getPublicInfoHr executed successfully in 2 ms
2025-05-14 00:01:22 [http-nio-8080-exec-2] INFO  c.e.user_service.aop.LoggingAspect - Method HrService::getHrById executed successfully in 3 ms
2025-05-14 00:01:22 [http-nio-8080-exec-2] INFO  c.e.user_service.aop.LoggingAspect - Method HrController::getPublicInfoHr executed successfully in 3 ms
2025-05-14 00:01:22 [http-nio-8080-exec-8] INFO  c.e.user_service.aop.LoggingAspect - Method HrService::getHrById executed successfully in 1 ms
2025-05-14 00:01:22 [http-nio-8080-exec-8] INFO  c.e.user_service.aop.LoggingAspect - Method HrController::getPublicInfoHr executed successfully in 2 ms
2025-05-14 00:01:22 [http-nio-8080-exec-4] INFO  c.e.user_service.aop.LoggingAspect - Method HrService::getHrById executed successfully in 2 ms
2025-05-14 00:01:22 [http-nio-8080-exec-4] INFO  c.e.user_service.aop.LoggingAspect - Method HrController::getPublicInfoHr executed successfully in 2 ms
2025-05-14 00:01:22 [http-nio-8080-exec-1] INFO  c.e.user_service.aop.LoggingAspect - Method HrService::getHrById executed successfully in 2 ms
2025-05-14 00:01:22 [http-nio-8080-exec-1] INFO  c.e.user_service.aop.LoggingAspect - Method HrController::getPublicInfoHr executed successfully in 2 ms
2025-05-14 00:01:22 [http-nio-8080-exec-7] INFO  c.e.user_service.aop.LoggingAspect - Method HrService::getHrById executed successfully in 1 ms
2025-05-14 00:01:22 [http-nio-8080-exec-7] INFO  c.e.user_service.aop.LoggingAspect - Method HrController::getPublicInfoHr executed successfully in 2 ms
2025-05-14 00:01:22 [http-nio-8080-exec-10] INFO  c.e.user_service.aop.LoggingAspect - Method HrService::getHrById executed successfully in 1 ms
2025-05-14 00:01:22 [http-nio-8080-exec-10] INFO  c.e.user_service.aop.LoggingAspect - Method HrController::getPublicInfoHr executed successfully in 1 ms
2025-05-14 00:01:22 [http-nio-8080-exec-5] INFO  c.e.user_service.aop.LoggingAspect - Method HrService::getHrById executed successfully in 1 ms
2025-05-14 00:01:22 [http-nio-8080-exec-5] INFO  c.e.user_service.aop.LoggingAspect - Method HrController::getPublicInfoHr executed successfully in 1 ms
2025-05-14 00:01:22 [http-nio-8080-exec-3] INFO  c.e.user_service.aop.LoggingAspect - Method HrService::getHrById executed successfully in 1 ms
2025-05-14 00:01:22 [http-nio-8080-exec-3] INFO  c.e.user_service.aop.LoggingAspect - Method HrController::getPublicInfoHr executed successfully in 1 ms
2025-05-14 00:01:22 [http-nio-8080-exec-9] INFO  c.e.user_service.aop.LoggingAspect - Method HrService::getHrById executed successfully in 1 ms
2025-05-14 00:01:22 [http-nio-8080-exec-9] INFO  c.e.user_service.aop.LoggingAspect - Method HrController::getPublicInfoHr executed successfully in 2 ms
2025-05-14 00:01:22 [http-nio-8080-exec-6] INFO  c.e.user_service.aop.LoggingAspect - Method HrService::getHrById executed successfully in 2 ms
2025-05-14 00:01:22 [http-nio-8080-exec-6] INFO  c.e.user_service.aop.LoggingAspect - Method HrController::getPublicInfoHr executed successfully in 2 ms
2025-05-14 00:01:23 [http-nio-8080-exec-2] INFO  c.e.user_service.aop.LoggingAspect - Method HrService::getHrById executed successfully in 2 ms
2025-05-14 00:01:23 [http-nio-8080-exec-2] INFO  c.e.user_service.aop.LoggingAspect - Method HrController::getPublicInfoHr executed successfully in 3 ms
2025-05-14 00:01:23 [http-nio-8080-exec-8] INFO  c.e.user_service.aop.LoggingAspect - Method HrService::getHrById executed successfully in 3 ms
2025-05-14 00:01:23 [http-nio-8080-exec-8] INFO  c.e.user_service.aop.LoggingAspect - Method HrController::getPublicInfoHr executed successfully in 3 ms
2025-05-14 00:01:23 [http-nio-8080-exec-4] INFO  c.e.user_service.aop.LoggingAspect - Method HrService::getHrById executed successfully in 1 ms
2025-05-14 00:01:23 [http-nio-8080-exec-4] INFO  c.e.user_service.aop.LoggingAspect - Method HrController::getPublicInfoHr executed successfully in 2 ms
2025-05-14 00:01:23 [http-nio-8080-exec-1] INFO  c.e.user_service.aop.LoggingAspect - Method HrService::getHrById executed successfully in 2 ms
2025-05-14 00:01:23 [http-nio-8080-exec-1] INFO  c.e.user_service.aop.LoggingAspect - Method HrController::getPublicInfoHr executed successfully in 2 ms
2025-05-14 00:01:23 [http-nio-8080-exec-7] INFO  c.e.user_service.aop.LoggingAspect - Method HrService::getHrById executed successfully in 1 ms
2025-05-14 00:01:23 [http-nio-8080-exec-7] INFO  c.e.user_service.aop.LoggingAspect - Method HrController::getPublicInfoHr executed successfully in 2 ms
2025-05-14 00:01:23 [http-nio-8080-exec-10] INFO  c.e.user_service.aop.LoggingAspect - Method HrService::getHrById executed successfully in 3 ms
2025-05-14 00:01:23 [http-nio-8080-exec-10] INFO  c.e.user_service.aop.LoggingAspect - Method HrController::getPublicInfoHr executed successfully in 3 ms
2025-05-14 00:01:23 [http-nio-8080-exec-5] INFO  c.e.user_service.aop.LoggingAspect - Method HrService::getHrById executed successfully in 1 ms
2025-05-14 00:01:23 [http-nio-8080-exec-5] INFO  c.e.user_service.aop.LoggingAspect - Method HrController::getPublicInfoHr executed successfully in 1 ms
2025-05-14 00:01:23 [http-nio-8080-exec-3] INFO  c.e.user_service.aop.LoggingAspect - Method HrService::getHrById executed successfully in 2 ms
2025-05-14 00:01:23 [http-nio-8080-exec-3] INFO  c.e.user_service.aop.LoggingAspect - Method HrController::getPublicInfoHr executed successfully in 2 ms
2025-05-14 00:01:23 [http-nio-8080-exec-9] INFO  c.e.user_service.aop.LoggingAspect - Method HrService::getHrById executed successfully in 1 ms
2025-05-14 00:01:23 [http-nio-8080-exec-9] INFO  c.e.user_service.aop.LoggingAspect - Method HrController::getPublicInfoHr executed successfully in 1 ms
2025-05-14 00:01:23 [http-nio-8080-exec-6] INFO  c.e.user_service.aop.LoggingAspect - Method HrService::getHrById executed successfully in 1 ms
2025-05-14 00:01:23 [http-nio-8080-exec-6] INFO  c.e.user_service.aop.LoggingAspect - Method HrController::getPublicInfoHr executed successfully in 1 ms
2025-05-14 00:01:25 [http-nio-8080-exec-2] INFO  c.e.user_service.aop.LoggingAspect - Method HrService::getHrById executed successfully in 2 ms
2025-05-14 00:01:25 [http-nio-8080-exec-2] INFO  c.e.user_service.aop.LoggingAspect - Method HrController::getPublicInfoHr executed successfully in 2 ms
2025-05-14 00:01:25 [http-nio-8080-exec-8] INFO  c.e.user_service.aop.LoggingAspect - Method HrService::getHrById executed successfully in 1 ms
2025-05-14 00:01:25 [http-nio-8080-exec-8] INFO  c.e.user_service.aop.LoggingAspect - Method HrController::getPublicInfoHr executed successfully in 1 ms
2025-05-14 00:01:25 [http-nio-8080-exec-4] INFO  c.e.user_service.aop.LoggingAspect - Method HrService::getHrById executed successfully in 2 ms
2025-05-14 00:01:25 [http-nio-8080-exec-4] INFO  c.e.user_service.aop.LoggingAspect - Method HrController::getPublicInfoHr executed successfully in 2 ms
2025-05-14 00:01:25 [http-nio-8080-exec-1] INFO  c.e.user_service.aop.LoggingAspect - Method HrService::getHrById executed successfully in 1 ms
2025-05-14 00:01:25 [http-nio-8080-exec-1] INFO  c.e.user_service.aop.LoggingAspect - Method HrController::getPublicInfoHr executed successfully in 1 ms
2025-05-14 00:01:25 [http-nio-8080-exec-7] INFO  c.e.user_service.aop.LoggingAspect - Method HrService::getHrById executed successfully in 1 ms
2025-05-14 00:01:25 [http-nio-8080-exec-7] INFO  c.e.user_service.aop.LoggingAspect - Method HrController::getPublicInfoHr executed successfully in 1 ms
2025-05-14 00:01:25 [http-nio-8080-exec-10] INFO  c.e.user_service.aop.LoggingAspect - Method HrService::getHrById executed successfully in 1 ms
2025-05-14 00:01:25 [http-nio-8080-exec-10] INFO  c.e.user_service.aop.LoggingAspect - Method HrController::getPublicInfoHr executed successfully in 1 ms
2025-05-14 00:01:25 [http-nio-8080-exec-5] INFO  c.e.user_service.aop.LoggingAspect - Method HrService::getHrById executed successfully in 2 ms
2025-05-14 00:01:25 [http-nio-8080-exec-5] INFO  c.e.user_service.aop.LoggingAspect - Method HrController::getPublicInfoHr executed successfully in 2 ms
2025-05-14 00:01:25 [http-nio-8080-exec-3] INFO  c.e.user_service.aop.LoggingAspect - Method HrService::getHrById executed successfully in 2 ms
2025-05-14 00:01:25 [http-nio-8080-exec-3] INFO  c.e.user_service.aop.LoggingAspect - Method HrController::getPublicInfoHr executed successfully in 2 ms
2025-05-14 00:01:25 [http-nio-8080-exec-9] INFO  c.e.user_service.aop.LoggingAspect - Method HrService::getHrById executed successfully in 2 ms
2025-05-14 00:01:25 [http-nio-8080-exec-9] INFO  c.e.user_service.aop.LoggingAspect - Method HrController::getPublicInfoHr executed successfully in 2 ms
2025-05-14 00:01:25 [http-nio-8080-exec-6] INFO  c.e.user_service.aop.LoggingAspect - Method HrService::getHrById executed successfully in 2 ms
2025-05-14 00:01:25 [http-nio-8080-exec-6] INFO  c.e.user_service.aop.LoggingAspect - Method HrController::getPublicInfoHr executed successfully in 2 ms
2025-05-14 00:01:31 [http-nio-8080-exec-2] INFO  c.e.user_service.aop.LoggingAspect - Method HrService::getHrById executed successfully in 2 ms
2025-05-14 00:01:31 [http-nio-8080-exec-2] INFO  c.e.user_service.aop.LoggingAspect - Method HrController::getPublicInfoHr executed successfully in 2 ms
2025-05-14 00:01:31 [http-nio-8080-exec-8] INFO  c.e.user_service.aop.LoggingAspect - Method HrService::getHrById executed successfully in 3 ms
2025-05-14 00:01:31 [http-nio-8080-exec-8] INFO  c.e.user_service.aop.LoggingAspect - Method HrController::getPublicInfoHr executed successfully in 3 ms
2025-05-14 00:01:33 [http-nio-8080-exec-4] INFO  c.e.user_service.aop.LoggingAspect - Method HrService::getHrById executed successfully in 3 ms
2025-05-14 00:01:33 [http-nio-8080-exec-4] INFO  c.e.user_service.aop.LoggingAspect - Method HrController::getPublicInfoHr executed successfully in 3 ms
2025-05-14 00:01:33 [http-nio-8080-exec-1] INFO  c.e.user_service.aop.LoggingAspect - Method HrService::getHrById executed successfully in 2 ms
2025-05-14 00:01:33 [http-nio-8080-exec-1] INFO  c.e.user_service.aop.LoggingAspect - Method HrController::getPublicInfoHr executed successfully in 3 ms
2025-05-14 00:01:33 [http-nio-8080-exec-7] INFO  c.e.user_service.aop.LoggingAspect - Method HrService::getHrById executed successfully in 4 ms
2025-05-14 00:01:33 [http-nio-8080-exec-7] INFO  c.e.user_service.aop.LoggingAspect - Method HrController::getPublicInfoHr executed successfully in 4 ms
2025-05-14 00:01:33 [http-nio-8080-exec-10] INFO  c.e.user_service.aop.LoggingAspect - Method HrService::getHrById executed successfully in 3 ms
2025-05-14 00:01:33 [http-nio-8080-exec-10] INFO  c.e.user_service.aop.LoggingAspect - Method HrController::getPublicInfoHr executed successfully in 3 ms
2025-05-14 00:01:33 [http-nio-8080-exec-5] INFO  c.e.user_service.aop.LoggingAspect - Method HrService::getHrById executed successfully in 2 ms
2025-05-14 00:01:33 [http-nio-8080-exec-5] INFO  c.e.user_service.aop.LoggingAspect - Method HrController::getPublicInfoHr executed successfully in 3 ms
2025-05-14 00:01:33 [http-nio-8080-exec-3] INFO  c.e.user_service.aop.LoggingAspect - Method HrService::getHrById executed successfully in 3 ms
2025-05-14 00:01:33 [http-nio-8080-exec-3] INFO  c.e.user_service.aop.LoggingAspect - Method HrController::getPublicInfoHr executed successfully in 3 ms
2025-05-14 00:01:33 [http-nio-8080-exec-9] INFO  c.e.user_service.aop.LoggingAspect - Method HrService::getHrById executed successfully in 1 ms
2025-05-14 00:01:33 [http-nio-8080-exec-9] INFO  c.e.user_service.aop.LoggingAspect - Method HrController::getPublicInfoHr executed successfully in 1 ms
2025-05-14 00:01:33 [http-nio-8080-exec-6] INFO  c.e.user_service.aop.LoggingAspect - Method HrService::getHrById executed successfully in 2 ms
2025-05-14 00:01:33 [http-nio-8080-exec-6] INFO  c.e.user_service.aop.LoggingAspect - Method HrController::getPublicInfoHr executed successfully in 2 ms
2025-05-14 00:01:33 [http-nio-8080-exec-2] INFO  c.e.user_service.aop.LoggingAspect - Method HrService::getHrById executed successfully in 3 ms
2025-05-14 00:01:33 [http-nio-8080-exec-2] INFO  c.e.user_service.aop.LoggingAspect - Method HrController::getPublicInfoHr executed successfully in 3 ms
2025-05-14 00:01:33 [http-nio-8080-exec-8] INFO  c.e.user_service.aop.LoggingAspect - Method HrService::getHrById executed successfully in 2 ms
2025-05-14 00:01:33 [http-nio-8080-exec-8] INFO  c.e.user_service.aop.LoggingAspect - Method HrController::getPublicInfoHr executed successfully in 2 ms
2025-05-14 00:01:33 [http-nio-8080-exec-4] INFO  c.e.user_service.aop.LoggingAspect - Method HrService::getHrById executed successfully in 1 ms
2025-05-14 00:01:33 [http-nio-8080-exec-4] INFO  c.e.user_service.aop.LoggingAspect - Method HrController::getPublicInfoHr executed successfully in 1 ms
2025-05-14 00:01:33 [http-nio-8080-exec-1] INFO  c.e.user_service.aop.LoggingAspect - Method HrService::getHrById executed successfully in 1 ms
2025-05-14 00:01:33 [http-nio-8080-exec-1] INFO  c.e.user_service.aop.LoggingAspect - Method HrController::getPublicInfoHr executed successfully in 2 ms
2025-05-14 00:01:33 [http-nio-8080-exec-7] INFO  c.e.user_service.aop.LoggingAspect - Method HrService::getHrById executed successfully in 1 ms
2025-05-14 00:01:33 [http-nio-8080-exec-7] INFO  c.e.user_service.aop.LoggingAspect - Method HrController::getPublicInfoHr executed successfully in 2 ms
2025-05-14 00:02:01 [SpringApplicationShutdownHook] INFO  c.netflix.discovery.DiscoveryClient - Saw local status change event StatusChangeEvent [timestamp=1747170121762, current=DOWN, previous=UP]
2025-05-14 00:02:01 [DiscoveryClient-InstanceInfoReplicator-%d] INFO  c.netflix.discovery.DiscoveryClient - DiscoveryClient_USER-SERVICE/192.168.1.10:user-service:8080: registering service...
2025-05-14 00:02:01 [DiscoveryClient-InstanceInfoReplicator-%d] INFO  c.n.d.s.t.d.RedirectingEurekaHttpClient - Request execution error. endpoint=DefaultEndpoint{ serviceUrl='http://localhost:8761/eureka/} exception=I/O error on POST request for "http://localhost:8761/eureka/apps/USER-SERVICE": Connect to http://localhost:8761 [localhost/127.0.0.1, localhost/0:0:0:0:0:0:0:1] failed: Connection refused: getsockopt stacktrace=org.springframework.web.client.ResourceAccessException: I/O error on POST request for "http://localhost:8761/eureka/apps/USER-SERVICE": Connect to http://localhost:8761 [localhost/127.0.0.1, localhost/0:0:0:0:0:0:0:1] failed: Connection refused: getsockopt
	at org.springframework.web.client.RestTemplate.createResourceAccessException(RestTemplate.java:926)
	at org.springframework.web.client.RestTemplate.doExecute(RestTemplate.java:906)
	at org.springframework.web.client.RestTemplate.execute(RestTemplate.java:841)
	at org.springframework.web.client.RestTemplate.exchange(RestTemplate.java:702)
	at org.springframework.cloud.netflix.eureka.http.RestTemplateEurekaHttpClient.register(RestTemplateEurekaHttpClient.java:87)
	at com.netflix.discovery.shared.transport.decorator.EurekaHttpClientDecorator$1.execute(EurekaHttpClientDecorator.java:59)
	at com.netflix.discovery.shared.transport.decorator.RedirectingEurekaHttpClient.execute(RedirectingEurekaHttpClient.java:91)
	at com.netflix.discovery.shared.transport.decorator.EurekaHttpClientDecorator.register(EurekaHttpClientDecorator.java:56)
	at com.netflix.discovery.shared.transport.decorator.EurekaHttpClientDecorator$1.execute(EurekaHttpClientDecorator.java:59)
	at com.netflix.discovery.shared.transport.decorator.RetryableEurekaHttpClient.execute(RetryableEurekaHttpClient.java:120)
	at com.netflix.discovery.shared.transport.decorator.EurekaHttpClientDecorator.register(EurekaHttpClientDecorator.java:56)
	at com.netflix.discovery.shared.transport.decorator.EurekaHttpClientDecorator$1.execute(EurekaHttpClientDecorator.java:59)
	at com.netflix.discovery.shared.transport.decorator.SessionedEurekaHttpClient.execute(SessionedEurekaHttpClient.java:76)
	at com.netflix.discovery.shared.transport.decorator.EurekaHttpClientDecorator.register(EurekaHttpClientDecorator.java:56)
	at com.netflix.discovery.DiscoveryClient.register(DiscoveryClient.java:828)
	at com.netflix.discovery.InstanceInfoReplicator.run(InstanceInfoReplicator.java:125)
	at com.netflix.discovery.InstanceInfoReplicator$2.run(InstanceInfoReplicator.java:105)
	at java.base/java.util.concurrent.Executors$RunnableAdapter.call(Executors.java:572)
	at java.base/java.util.concurrent.FutureTask.run(FutureTask.java:317)
	at java.base/java.util.concurrent.ScheduledThreadPoolExecutor$ScheduledFutureTask.run(ScheduledThreadPoolExecutor.java:304)
	at java.base/java.util.concurrent.ThreadPoolExecutor.runWorker(ThreadPoolExecutor.java:1144)
	at java.base/java.util.concurrent.ThreadPoolExecutor$Worker.run(ThreadPoolExecutor.java:642)
	at java.base/java.lang.Thread.run(Thread.java:1583)
Caused by: org.apache.hc.client5.http.HttpHostConnectException: Connect to http://localhost:8761 [localhost/127.0.0.1, localhost/0:0:0:0:0:0:0:1] failed: Connection refused: getsockopt
	at java.base/sun.nio.ch.Net.pollConnect(Native Method)
	at java.base/sun.nio.ch.Net.pollConnectNow(Net.java:682)
	at java.base/sun.nio.ch.NioSocketImpl.timedFinishConnect(NioSocketImpl.java:542)
	at java.base/sun.nio.ch.NioSocketImpl.connect(NioSocketImpl.java:592)
	at java.base/java.net.SocksSocketImpl.connect(SocksSocketImpl.java:327)
	at java.base/java.net.Socket.connect(Socket.java:751)
	at org.apache.hc.client5.http.impl.io.DefaultHttpClientConnectionOperator.connect(DefaultHttpClientConnectionOperator.java:216)
	at org.apache.hc.client5.http.impl.io.PoolingHttpClientConnectionManager.connect(PoolingHttpClientConnectionManager.java:490)
	at org.apache.hc.client5.http.impl.classic.InternalExecRuntime.connectEndpoint(InternalExecRuntime.java:164)
	at org.apache.hc.client5.http.impl.classic.InternalExecRuntime.connectEndpoint(InternalExecRuntime.java:174)
	at org.apache.hc.client5.http.impl.classic.ConnectExec.execute(ConnectExec.java:144)
	at org.apache.hc.client5.http.impl.classic.ExecChainElement.execute(ExecChainElement.java:51)
	at org.apache.hc.client5.http.impl.classic.ProtocolExec.execute(ProtocolExec.java:192)
	at org.apache.hc.client5.http.impl.classic.ExecChainElement.execute(ExecChainElement.java:51)
	at org.apache.hc.client5.http.impl.classic.ContentCompressionExec.execute(ContentCompressionExec.java:150)
	at org.apache.hc.client5.http.impl.classic.ExecChainElement.execute(ExecChainElement.java:51)
	at org.apache.hc.client5.http.impl.classic.HttpRequestRetryExec.execute(HttpRequestRetryExec.java:113)
	at org.apache.hc.client5.http.impl.classic.ExecChainElement.execute(ExecChainElement.java:51)
	at org.apache.hc.client5.http.impl.classic.RedirectExec.execute(RedirectExec.java:110)
	at org.apache.hc.client5.http.impl.classic.ExecChainElement.execute(ExecChainElement.java:51)
	at org.apache.hc.client5.http.impl.classic.InternalHttpClient.doExecute(InternalHttpClient.java:183)
	at org.apache.hc.client5.http.impl.classic.CloseableHttpClient.execute(CloseableHttpClient.java:87)
	at org.apache.hc.client5.http.impl.classic.CloseableHttpClient.execute(CloseableHttpClient.java:55)
	at org.apache.hc.client5.http.classic.HttpClient.executeOpen(HttpClient.java:183)
	at org.springframework.http.client.HttpComponentsClientHttpRequest.executeInternal(HttpComponentsClientHttpRequest.java:99)
	at org.springframework.http.client.AbstractStreamingClientHttpRequest.executeInternal(AbstractStreamingClientHttpRequest.java:71)
	at org.springframework.http.client.AbstractClientHttpRequest.execute(AbstractClientHttpRequest.java:81)
	at org.springframework.http.client.InterceptingClientHttpRequest$InterceptingRequestExecution.execute(InterceptingClientHttpRequest.java:117)
	at org.springframework.cloud.netflix.eureka.http.RestTemplateTransportClientFactory.lambda$restTemplate$2(RestTemplateTransportClientFactory.java:145)
	at org.springframework.http.client.InterceptingClientHttpRequest$InterceptingRequestExecution.execute(InterceptingClientHttpRequest.java:88)
	at org.springframework.http.client.InterceptingClientHttpRequest.executeInternal(InterceptingClientHttpRequest.java:72)
	at org.springframework.http.client.AbstractBufferingClientHttpRequest.executeInternal(AbstractBufferingClientHttpRequest.java:48)
	at org.springframework.http.client.AbstractClientHttpRequest.execute(AbstractClientHttpRequest.java:81)
	at org.springframework.web.client.RestTemplate.doExecute(RestTemplate.java:900)
	... 21 more

2025-05-14 00:02:01 [DiscoveryClient-InstanceInfoReplicator-%d] WARN  c.n.d.s.t.d.RetryableEurekaHttpClient - Request execution failed with message: I/O error on POST request for "http://localhost:8761/eureka/apps/USER-SERVICE": Connect to http://localhost:8761 [localhost/127.0.0.1, localhost/0:0:0:0:0:0:0:1] failed: Connection refused: getsockopt
2025-05-14 00:02:01 [DiscoveryClient-InstanceInfoReplicator-%d] INFO  c.n.d.s.t.d.RedirectingEurekaHttpClient - Request execution error. endpoint=DefaultEndpoint{ serviceUrl='http://localhost:8761/eureka/}, exception=I/O error on POST request for "http://localhost:8761/eureka/apps/USER-SERVICE": Connect to http://localhost:8761 [localhost/127.0.0.1, localhost/0:0:0:0:0:0:0:1] failed: Connection refused: getsockopt stacktrace=org.springframework.web.client.ResourceAccessException: I/O error on POST request for "http://localhost:8761/eureka/apps/USER-SERVICE": Connect to http://localhost:8761 [localhost/127.0.0.1, localhost/0:0:0:0:0:0:0:1] failed: Connection refused: getsockopt
	at org.springframework.web.client.RestTemplate.createResourceAccessException(RestTemplate.java:926)
	at org.springframework.web.client.RestTemplate.doExecute(RestTemplate.java:906)
	at org.springframework.web.client.RestTemplate.execute(RestTemplate.java:841)
	at org.springframework.web.client.RestTemplate.exchange(RestTemplate.java:702)
	at org.springframework.cloud.netflix.eureka.http.RestTemplateEurekaHttpClient.register(RestTemplateEurekaHttpClient.java:87)
	at com.netflix.discovery.shared.transport.decorator.EurekaHttpClientDecorator$1.execute(EurekaHttpClientDecorator.java:59)
	at com.netflix.discovery.shared.transport.decorator.RedirectingEurekaHttpClient.executeOnNewServer(RedirectingEurekaHttpClient.java:121)
	at com.netflix.discovery.shared.transport.decorator.RedirectingEurekaHttpClient.execute(RedirectingEurekaHttpClient.java:80)
	at com.netflix.discovery.shared.transport.decorator.EurekaHttpClientDecorator.register(EurekaHttpClientDecorator.java:56)
	at com.netflix.discovery.shared.transport.decorator.EurekaHttpClientDecorator$1.execute(EurekaHttpClientDecorator.java:59)
	at com.netflix.discovery.shared.transport.decorator.RetryableEurekaHttpClient.execute(RetryableEurekaHttpClient.java:120)
	at com.netflix.discovery.shared.transport.decorator.EurekaHttpClientDecorator.register(EurekaHttpClientDecorator.java:56)
	at com.netflix.discovery.shared.transport.decorator.EurekaHttpClientDecorator$1.execute(EurekaHttpClientDecorator.java:59)
	at com.netflix.discovery.shared.transport.decorator.SessionedEurekaHttpClient.execute(SessionedEurekaHttpClient.java:76)
	at com.netflix.discovery.shared.transport.decorator.EurekaHttpClientDecorator.register(EurekaHttpClientDecorator.java:56)
	at com.netflix.discovery.DiscoveryClient.register(DiscoveryClient.java:828)
	at com.netflix.discovery.InstanceInfoReplicator.run(InstanceInfoReplicator.java:125)
	at com.netflix.discovery.InstanceInfoReplicator$2.run(InstanceInfoReplicator.java:105)
	at java.base/java.util.concurrent.Executors$RunnableAdapter.call(Executors.java:572)
	at java.base/java.util.concurrent.FutureTask.run(FutureTask.java:317)
	at java.base/java.util.concurrent.ScheduledThreadPoolExecutor$ScheduledFutureTask.run(ScheduledThreadPoolExecutor.java:304)
	at java.base/java.util.concurrent.ThreadPoolExecutor.runWorker(ThreadPoolExecutor.java:1144)
	at java.base/java.util.concurrent.ThreadPoolExecutor$Worker.run(ThreadPoolExecutor.java:642)
	at java.base/java.lang.Thread.run(Thread.java:1583)
Caused by: org.apache.hc.client5.http.HttpHostConnectException: Connect to http://localhost:8761 [localhost/127.0.0.1, localhost/0:0:0:0:0:0:0:1] failed: Connection refused: getsockopt
	at java.base/sun.nio.ch.Net.pollConnect(Native Method)
	at java.base/sun.nio.ch.Net.pollConnectNow(Net.java:682)
	at java.base/sun.nio.ch.NioSocketImpl.timedFinishConnect(NioSocketImpl.java:542)
	at java.base/sun.nio.ch.NioSocketImpl.connect(NioSocketImpl.java:592)
	at java.base/java.net.SocksSocketImpl.connect(SocksSocketImpl.java:327)
	at java.base/java.net.Socket.connect(Socket.java:751)
	at org.apache.hc.client5.http.impl.io.DefaultHttpClientConnectionOperator.connect(DefaultHttpClientConnectionOperator.java:216)
	at org.apache.hc.client5.http.impl.io.PoolingHttpClientConnectionManager.connect(PoolingHttpClientConnectionManager.java:490)
	at org.apache.hc.client5.http.impl.classic.InternalExecRuntime.connectEndpoint(InternalExecRuntime.java:164)
	at org.apache.hc.client5.http.impl.classic.InternalExecRuntime.connectEndpoint(InternalExecRuntime.java:174)
	at org.apache.hc.client5.http.impl.classic.ConnectExec.execute(ConnectExec.java:144)
	at org.apache.hc.client5.http.impl.classic.ExecChainElement.execute(ExecChainElement.java:51)
	at org.apache.hc.client5.http.impl.classic.ProtocolExec.execute(ProtocolExec.java:192)
	at org.apache.hc.client5.http.impl.classic.ExecChainElement.execute(ExecChainElement.java:51)
	at org.apache.hc.client5.http.impl.classic.ContentCompressionExec.execute(ContentCompressionExec.java:150)
	at org.apache.hc.client5.http.impl.classic.ExecChainElement.execute(ExecChainElement.java:51)
	at org.apache.hc.client5.http.impl.classic.HttpRequestRetryExec.execute(HttpRequestRetryExec.java:113)
	at org.apache.hc.client5.http.impl.classic.ExecChainElement.execute(ExecChainElement.java:51)
	at org.apache.hc.client5.http.impl.classic.RedirectExec.execute(RedirectExec.java:110)
	at org.apache.hc.client5.http.impl.classic.ExecChainElement.execute(ExecChainElement.java:51)
	at org.apache.hc.client5.http.impl.classic.InternalHttpClient.doExecute(InternalHttpClient.java:183)
	at org.apache.hc.client5.http.impl.classic.CloseableHttpClient.execute(CloseableHttpClient.java:87)
	at org.apache.hc.client5.http.impl.classic.CloseableHttpClient.execute(CloseableHttpClient.java:55)
	at org.apache.hc.client5.http.classic.HttpClient.executeOpen(HttpClient.java:183)
	at org.springframework.http.client.HttpComponentsClientHttpRequest.executeInternal(HttpComponentsClientHttpRequest.java:99)
	at org.springframework.http.client.AbstractStreamingClientHttpRequest.executeInternal(AbstractStreamingClientHttpRequest.java:71)
	at org.springframework.http.client.AbstractClientHttpRequest.execute(AbstractClientHttpRequest.java:81)
	at org.springframework.http.client.InterceptingClientHttpRequest$InterceptingRequestExecution.execute(InterceptingClientHttpRequest.java:117)
	at org.springframework.cloud.netflix.eureka.http.RestTemplateTransportClientFactory.lambda$restTemplate$2(RestTemplateTransportClientFactory.java:145)
	at org.springframework.http.client.InterceptingClientHttpRequest$InterceptingRequestExecution.execute(InterceptingClientHttpRequest.java:88)
	at org.springframework.http.client.InterceptingClientHttpRequest.executeInternal(InterceptingClientHttpRequest.java:72)
	at org.springframework.http.client.AbstractBufferingClientHttpRequest.executeInternal(AbstractBufferingClientHttpRequest.java:48)
	at org.springframework.http.client.AbstractClientHttpRequest.execute(AbstractClientHttpRequest.java:81)
	at org.springframework.web.client.RestTemplate.doExecute(RestTemplate.java:900)
	... 22 more

2025-05-14 00:02:01 [DiscoveryClient-InstanceInfoReplicator-%d] WARN  c.n.d.s.t.d.RetryableEurekaHttpClient - Request execution failed with message: I/O error on POST request for "http://localhost:8761/eureka/apps/USER-SERVICE": Connect to http://localhost:8761 [localhost/127.0.0.1, localhost/0:0:0:0:0:0:0:1] failed: Connection refused: getsockopt
2025-05-14 00:02:01 [SpringApplicationShutdownHook] INFO  com.zaxxer.hikari.HikariDataSource - HikariPool-1 - Shutdown initiated...
2025-05-14 00:02:01 [DiscoveryClient-InstanceInfoReplicator-%d] WARN  c.netflix.discovery.DiscoveryClient - DiscoveryClient_USER-SERVICE/192.168.1.10:user-service:8080 - registration failed Cannot execute request on any known server
com.netflix.discovery.shared.transport.TransportException: Cannot execute request on any known server
	at com.netflix.discovery.shared.transport.decorator.RetryableEurekaHttpClient.execute(RetryableEurekaHttpClient.java:112)
	at com.netflix.discovery.shared.transport.decorator.EurekaHttpClientDecorator.register(EurekaHttpClientDecorator.java:56)
	at com.netflix.discovery.shared.transport.decorator.EurekaHttpClientDecorator$1.execute(EurekaHttpClientDecorator.java:59)
	at com.netflix.discovery.shared.transport.decorator.SessionedEurekaHttpClient.execute(SessionedEurekaHttpClient.java:76)
	at com.netflix.discovery.shared.transport.decorator.EurekaHttpClientDecorator.register(EurekaHttpClientDecorator.java:56)
	at com.netflix.discovery.DiscoveryClient.register(DiscoveryClient.java:828)
	at com.netflix.discovery.InstanceInfoReplicator.run(InstanceInfoReplicator.java:125)
	at com.netflix.discovery.InstanceInfoReplicator$2.run(InstanceInfoReplicator.java:105)
	at java.base/java.util.concurrent.Executors$RunnableAdapter.call(Executors.java:572)
	at java.base/java.util.concurrent.FutureTask.run(FutureTask.java:317)
	at java.base/java.util.concurrent.ScheduledThreadPoolExecutor$ScheduledFutureTask.run(ScheduledThreadPoolExecutor.java:304)
	at java.base/java.util.concurrent.ThreadPoolExecutor.runWorker(ThreadPoolExecutor.java:1144)
	at java.base/java.util.concurrent.ThreadPoolExecutor$Worker.run(ThreadPoolExecutor.java:642)
	at java.base/java.lang.Thread.run(Thread.java:1583)
2025-05-14 00:02:01 [DiscoveryClient-InstanceInfoReplicator-%d] WARN  c.n.discovery.InstanceInfoReplicator - There was a problem with the instance info replicator
com.netflix.discovery.shared.transport.TransportException: Cannot execute request on any known server
	at com.netflix.discovery.shared.transport.decorator.RetryableEurekaHttpClient.execute(RetryableEurekaHttpClient.java:112)
	at com.netflix.discovery.shared.transport.decorator.EurekaHttpClientDecorator.register(EurekaHttpClientDecorator.java:56)
	at com.netflix.discovery.shared.transport.decorator.EurekaHttpClientDecorator$1.execute(EurekaHttpClientDecorator.java:59)
	at com.netflix.discovery.shared.transport.decorator.SessionedEurekaHttpClient.execute(SessionedEurekaHttpClient.java:76)
	at com.netflix.discovery.shared.transport.decorator.EurekaHttpClientDecorator.register(EurekaHttpClientDecorator.java:56)
	at com.netflix.discovery.DiscoveryClient.register(DiscoveryClient.java:828)
	at com.netflix.discovery.InstanceInfoReplicator.run(InstanceInfoReplicator.java:125)
	at com.netflix.discovery.InstanceInfoReplicator$2.run(InstanceInfoReplicator.java:105)
	at java.base/java.util.concurrent.Executors$RunnableAdapter.call(Executors.java:572)
	at java.base/java.util.concurrent.FutureTask.run(FutureTask.java:317)
	at java.base/java.util.concurrent.ScheduledThreadPoolExecutor$ScheduledFutureTask.run(ScheduledThreadPoolExecutor.java:304)
	at java.base/java.util.concurrent.ThreadPoolExecutor.runWorker(ThreadPoolExecutor.java:1144)
	at java.base/java.util.concurrent.ThreadPoolExecutor$Worker.run(ThreadPoolExecutor.java:642)
	at java.base/java.lang.Thread.run(Thread.java:1583)
2025-05-14 00:02:01 [SpringApplicationShutdownHook] INFO  com.zaxxer.hikari.HikariDataSource - HikariPool-1 - Shutdown completed.
2025-05-14 00:02:01 [SpringApplicationShutdownHook] INFO  c.netflix.discovery.DiscoveryClient - Shutting down DiscoveryClient ...
